{"content": {"suites": {"0": {"status": {"total_pass": 0, "total_skip": 0, "total_xpass": 0, "total_xfail": 0, "total_rerun": 0, "total_fail": 2, "total_error": 0}, "tests": {"0": {"status": "FAIL", "message": "   selenium.common.exceptions.NoAlertPresentException: Message: no such alert\n     (Session info: chrome=133.0.6943.142)\n   Stacktrace:\n   0   chromedriver                        0x00000001050a82d4 cxxbridge1$str$ptr + 2739836\n   1   chromedriver                        0x00000001050a0934 cxxbridge1$str$ptr + 2708700\n   2   chromedriver                        0x0000000104c01e04 cxxbridge1$string$len + 92964\n   3   chromedriver                        0x0000000104c23d10 cxxbridge1$string$len + 231984\n   4   chromedriver                        0x0000000104c23b9c cxxbridge1$string$len + 231612\n   5   chromedriver                        0x0000000104c3d060 cxxbridge1$string$len + 335232\n   6   chromedriver                        0x0000000105070c38 cxxbridge1$str$ptr + 2512864\n   7   chromedriver                        0x0000000105073f58 cxxbridge1$str$ptr + 2525952\n   8   chromedriver                        0x0000000105056578 cxxbridge1$str$ptr + 2404640\n   9   chromedriver                        0x0000000105074818 cxxbridge1$str$ptr + 2528192\n   10  chromedriver                        0x0000000105046f2c cxxbridge1$str$ptr + 2341588\n   11  chromedriver                        0x0000000105090a60 cxxbridge1$str$ptr + 2643464\n   12  chromedriver                        0x0000000105090be8 cxxbridge1$str$ptr + 2643856\n   13  chromedriver                        0x00000001050a05a8 cxxbridge1$str$ptr + 2707792\n   14  libsystem_pthread.dylib             0x00000001908b02e4 _pthread_start + 136\n   15  libsystem_pthread.dylib             0x00000001908ab0fc thread_start + 8\n       assert False\n", "test_name": "test_create_quotation_success", "rerun": "0"}, "1": {"status": "FAIL", "message": "   selenium.common.exceptions.NoAlertPresentException: Message: no such alert\n     (Session info: chrome=133.0.6943.142)\n   Stacktrace:\n   0   chromedriver                        0x00000001050a82d4 cxxbridge1$str$ptr + 2739836\n   1   chromedriver                        0x00000001050a0934 cxxbridge1$str$ptr + 2708700\n   2   chromedriver                        0x0000000104c01e04 cxxbridge1$string$len + 92964\n   3   chromedriver                        0x0000000104c23d10 cxxbridge1$string$len + 231984\n   4   chromedriver                        0x0000000104c23b9c cxxbridge1$string$len + 231612\n   5   chromedriver                        0x0000000104c3d060 cxxbridge1$string$len + 335232\n   6   chromedriver                        0x0000000105070c38 cxxbridge1$str$ptr + 2512864\n   7   chromedriver                        0x0000000105073f58 cxxbridge1$str$ptr + 2525952\n   8   chromedriver                        0x0000000105056578 cxxbridge1$str$ptr + 2404640\n   9   chromedriver                        0x0000000105074818 cxxbridge1$str$ptr + 2528192\n   10  chromedriver                        0x0000000105046f2c cxxbridge1$str$ptr + 2341588\n   11  chromedriver                        0x0000000105090a60 cxxbridge1$str$ptr + 2643464\n   12  chromedriver                        0x0000000105090be8 cxxbridge1$str$ptr + 2643856\n   13  chromedriver                        0x00000001050a05a8 cxxbridge1$str$ptr + 2707792\n   14  libsystem_pthread.dylib             0x00000001908b02e4 _pthread_start + 136\n   15  libsystem_pthread.dylib             0x00000001908ab0fc thread_start + 8\n       assert False\n", "test_name": "test_create_quotation_type_normal_multi", "rerun": "0"}}, "suite_name": "tests/pages/create_quotation/test_muilti.py"}}}, "date": "March 03, 2025", "start_time": 1741010618.4538398, "total_suite": 1, "status": "FAIL", "status_list": {"pass": "0", "fail": "2", "skip": "0", "error": "0", "xpass": "0", "xfail": "0", "rerun": "0"}, "total_tests": "2"}