{"content": {"suites": {"0": {"status": {"total_pass": 0, "total_skip": 0, "total_xpass": 0, "total_xfail": 0, "total_rerun": 0, "total_fail": 2, "total_error": 0}, "tests": {"0": {"status": "FAIL", "message": "   selenium.common.exceptions.ElementNotInteractableException: Message: Element <span class=\"selection\"> could not be scrolled into view\n   Stacktrace:\n   RemoteError@chrome://remote/content/shared/RemoteError.sys.mjs:8:8\n   WebDriverError@chrome://remote/content/shared/webdriver/Errors.sys.mjs:193:5\n   ElementNotInteractableError@chrome://remote/content/shared/webdriver/Errors.sys.mjs:353:5\n   webdriverClickElement@chrome://remote/content/marionette/interaction.sys.mjs:167:11\n   interaction.clickElement@chrome://remote/content/marionette/interaction.sys.mjs:136:11\n   clickElement@chrome://remote/content/marionette/actors/MarionetteCommandsChild.sys.mjs:344:29\n   receiveMessage@chrome://remote/content/marionette/actors/MarionetteCommandsChild.sys.mjs:220:31\n       assert False\n", "test_name": "test_File_Barcode_Type_Tester_Success", "rerun": "0"}, "1": {"status": "FAIL", "message": "   selenium.common.exceptions.ElementNotInteractableException: Message: Element <span class=\"selection\"> could not be scrolled into view\n   Stacktrace:\n   RemoteError@chrome://remote/content/shared/RemoteError.sys.mjs:8:8\n   WebDriverError@chrome://remote/content/shared/webdriver/Errors.sys.mjs:193:5\n   ElementNotInteractableError@chrome://remote/content/shared/webdriver/Errors.sys.mjs:353:5\n   webdriverClickElement@chrome://remote/content/marionette/interaction.sys.mjs:167:11\n   interaction.clickElement@chrome://remote/content/marionette/interaction.sys.mjs:136:11\n   clickElement@chrome://remote/content/marionette/actors/MarionetteCommandsChild.sys.mjs:344:29\n   receiveMessage@chrome://remote/content/marionette/actors/MarionetteCommandsChild.sys.mjs:220:31\n       assert False\n", "test_name": "test_File_Sku_Type_Tester_Success", "rerun": "0"}}, "suite_name": "src/SPECS/Script_CreateQuotation/test_Excel.py"}}}, "date": "February 12, 2025", "start_time": 1739343683.910986, "total_suite": 1, "status": "FAIL", "status_list": {"pass": "0", "fail": "2", "skip": "0", "error": "0", "xpass": "0", "xfail": "0", "rerun": "0"}, "total_tests": "2"}